<?xml version="1.0" encoding="UTF-8"?>
<!-- Generated by org.testng.reporters.JUnitXMLReporter -->
<testsuite ignored="0" hostname="EC2AMAZ-8KL45D2" failures="0" tests="19" name="Test" time="11.149" errors="0" timestamp="2024-09-26T09:28:19 UTC">
  <testcase classname="com.WebOrder.weborderCrossBrowser_DataProvider" name="@BeforeTest pre_condition" time="-1.727342899519E9">
    <failure type="org.testng.TestNGException" message="
Parameter &amp;apos;browser&amp;apos; is required by BeforeTest on method pre_condition but has not been marked @Optional or defined
in C:\Suchetha data\selenium_training\workspace\Selenium_Demo\single_report.xml">
      <![CDATA[org.testng.TestNGException: 
Parameter 'browser' is required by BeforeTest on method pre_condition but has not been marked @Optional or defined
in C:\Suchetha data\selenium_training\workspace\Selenium_Demo\single_report.xml
... Removed 21 stack frames]]>
    </failure>
  </testcase> <!-- @BeforeTest pre_condition -->
  <testcase classname="com.WebOrder.WebOrder_LoginData_AllscenariosTest" name="@AfterTest post_condition" time="-1.727342899644E9">
    <skipped/>
  </testcase> <!-- @AfterTest post_condition -->
  <testcase classname="com.WebOrder.WebcreateOrder" name="@AfterTest post_condition" time="-1.727342899645E9">
    <skipped/>
  </testcase> <!-- @AfterTest post_condition -->
  <testcase classname="com.WebOrder.webOrdeerCreateorder_All_Tcs" name="@AfterTest post_condition" time="-1.727342899645E9">
    <skipped/>
  </testcase> <!-- @AfterTest post_condition -->
  <testcase classname="com.WebOrder.weborderCrossBrowser_DataProvider" name="@AfterTest post_condition" time="-1.727342899646E9">
    <skipped/>
  </testcase> <!-- @AfterTest post_condition -->
  <testcase classname="com.WebOrder.webOrdeerCreateorder_All_Tcs" name="Create_Order" time="0.0">
    <skipped/>
  </testcase> <!-- Create_Order -->
  <testcase classname="com.WebOrder.weborderCrossBrowser_DataProvider" name="login_to_app" time="0.0">
    <skipped/>
  </testcase> <!-- login_to_app -->
  <testcase classname="com.WebOrder.weborderCrossBrowser_DataProvider" name="login_to_app" time="0.0">
    <skipped/>
  </testcase> <!-- login_to_app -->
  <testcase classname="com.WebOrder.webOrdeerCreateorder_All_Tcs" name="Create_Order" time="0.0">
    <skipped/>
  </testcase> <!-- Create_Order -->
  <testcase classname="com.WebOrder.weborderCrossBrowser_DataProvider" name="login_to_app" time="0.0">
    <skipped/>
  </testcase> <!-- login_to_app -->
  <testcase classname="com.WebOrder.webOrdeerCreateorder_All_Tcs" name="Create_Order" time="0.0">
    <skipped/>
  </testcase> <!-- Create_Order -->
  <testcase classname="com.WebOrder.weborderCrossBrowser_DataProvider" name="login_to_app" time="0.0">
    <skipped/>
  </testcase> <!-- login_to_app -->
  <testcase classname="com.WebOrder.webOrdeerCreateorder_All_Tcs" name="Create_Order" time="0.0">
    <skipped/>
  </testcase> <!-- Create_Order -->
  <testcase classname="com.WebOrder.weborderCrossBrowser_DataProvider" name="login_to_app" time="0.0">
    <skipped/>
  </testcase> <!-- login_to_app -->
  <testcase classname="com.WebOrder.webOrdeerCreateorder_All_Tcs" name="Create_Order" time="0.0">
    <skipped/>
  </testcase> <!-- Create_Order -->
  <testcase classname="com.WebOrder.webOrdeerCreateorder_All_Tcs" name="Create_Order" time="0.001">
    <skipped/>
  </testcase> <!-- Create_Order -->
  <testcase classname="com.WebOrder.WebOrder_LoginData_AllscenariosTest" name="login_to_app" time="0.0">
    <skipped/>
  </testcase> <!-- login_to_app -->
  <testcase classname="com.WebOrder.webOrdeerCreateorder_All_Tcs" name="Create_Order" time="0.0">
    <skipped/>
  </testcase> <!-- Create_Order -->
  <testcase classname="com.WebOrder.WebOrder_LoginData_AllscenariosTest" name="login_to_app" time="0.0">
    <skipped/>
  </testcase> <!-- login_to_app -->
  <testcase classname="com.WebOrder.WebOrder_LoginData_AllscenariosTest" name="login_to_app" time="0.0">
    <skipped/>
  </testcase> <!-- login_to_app -->
  <testcase classname="com.WebOrder.WebOrder_LoginData_AllscenariosTest" name="login_to_app" time="0.0">
    <skipped/>
  </testcase> <!-- login_to_app -->
  <testcase classname="com.WebOrder.WebcreateOrder" name="login_to_app" time="0.0">
    <skipped/>
  </testcase> <!-- login_to_app -->
  <testcase classname="com.WebOrder.WebcreateOrder" name="create_Order" time="0.0">
    <skipped/>
  </testcase> <!-- create_Order -->
  <testcase classname="com.WebOrder.WebOrder_LoginData_AllscenariosTest" name="login_to_app" time="0.0">
    <skipped/>
  </testcase> <!-- login_to_app -->
</testsuite> <!-- Test -->
